Loaded original election data:
   year       V    I  DPER   DUR      g3     p15     n
0  1916  0.5168  1.0   1.1  0.00   2.229   4.252   3.0
1  1920  0.3612  1.0   0.0  1.00 -11.463  16.535   5.0
2  1924  0.4176 -1.0  -1.0  0.00  -3.872   5.161  10.0
3  1928  0.4118 -1.0   0.0 -1.00   4.623   0.183   7.0
4  1932  0.5916 -1.0  -1.0 -1.25 -15.574   6.657   3.0

Computed Fair variables for extension:
   year    g3_new   p15_new  n_new
0  1996  3.300495  2.040088      4
1  2000  2.014766  1.644871      7
2  2004  2.183835  2.114729      2
3  2008 -1.380870  2.718887      3
4  2012  1.153652  1.417818      2
5  2016  1.402920  1.263159      4
6  2020 -2.986232  1.759989      3
7  2024  1.669690  4.589111      6

======= Regression 1916–1992 =======
                            OLS Regression Results                            
==============================================================================
Dep. Variable:                      V   R-squared:                       0.415
Model:                            OLS   Adj. R-squared:                  0.145
Method:                 Least Squares   F-statistic:                     1.536
Date:                Sun, 07 Dec 2025   Prob (F-statistic):              0.242
Time:                        23:52:48   Log-Likelihood:                 29.071
No. Observations:                  20   AIC:                            -44.14
Df Residuals:                      13   BIC:                            -37.17
Df Model:                           6                                         
Covariance Type:            nonrobust                                         
==============================================================================
                 coef    std err          t      P>|t|      [0.025      0.975]
------------------------------------------------------------------------------
const          0.4916      0.038     12.894      0.000       0.409       0.574
I              0.0621      0.048      1.300      0.216      -0.041       0.165
DPER           0.0064      0.045      0.144      0.888      -0.090       0.103
g3             0.0017      0.003      0.507      0.621      -0.005       0.009
p15_adj       -0.0018      0.008     -0.230      0.822      -0.019       0.015
n_adj          0.0006      0.005      0.111      0.913      -0.011       0.012
DUR           -0.0650      0.035     -1.853      0.087      -0.141       0.011
==============================================================================
Omnibus:                        0.310   Durbin-Watson:                   1.826
Prob(Omnibus):                  0.856   Jarque-Bera (JB):                0.154
Skew:                          -0.191   Prob(JB):                        0.926
Kurtosis:                       2.803   Cond. No.                         34.3
==============================================================================

Notes:
[1] Standard Errors assume that the covariance matrix of the errors is correctly specified.

TABLE 3 OUTPUT:
    year       V     V_hat     error
0   1916  0.5168  0.558565  0.041765
1   1920  0.3612  0.469714  0.108514
2   1924  0.4176  0.413294 -0.004306
3   1928  0.4118  0.506001  0.094201
4   1932  0.5916  0.468249 -0.123351
5   1936  0.6246  0.580289 -0.044311
6   1940  0.5500  0.502924 -0.047076
7   1944  0.5377  0.483726 -0.053974
8   1948  0.5237  0.467804 -0.055896
9   1952  0.4460  0.441577 -0.004423
10  1956  0.4224  0.420354 -0.002046
11  1960  0.5009  0.493355 -0.007545
12  1964  0.6134  0.572712 -0.040688
13  1968  0.4960  0.496170  0.000170
14  1972  0.3821  0.427524  0.045424
15  1976  0.5105  0.489981 -0.020519
16  1980  0.4470  0.542918  0.095918
17  1984  0.4083  0.427165  0.018865
18  1988  0.4610  0.494949  0.033949
19  1992  0.5345  0.499829 -0.034671

RMSE: 0.05655780362725723

======= Regression 1916–1988 =======
                            OLS Regression Results                            
==============================================================================
Dep. Variable:                      V   R-squared:                       0.432
Model:                            OLS   Adj. R-squared:                  0.148
Method:                 Least Squares   F-statistic:                     1.520
Date:                Sun, 07 Dec 2025   Prob (F-statistic):              0.253
Time:                        23:52:48   Log-Likelihood:                 27.612
No. Observations:                  19   AIC:                            -41.22
Df Residuals:                      12   BIC:                            -34.61
Df Model:                           6                                         
Covariance Type:            nonrobust                                         
==============================================================================
                 coef    std err          t      P>|t|      [0.025      0.975]
------------------------------------------------------------------------------
const          0.4635      0.053      8.828      0.000       0.349       0.578
I              0.0336      0.060      0.557      0.588      -0.098       0.165
DPER           0.0375      0.060      0.624      0.544      -0.094       0.169
g3            -0.0001      0.004     -0.033      0.974      -0.009       0.009
p15_adj       -0.0005      0.008     -0.059      0.954      -0.018       0.017
n_adj          0.0040      0.007      0.578      0.574      -0.011       0.019
DUR           -0.0423      0.046     -0.924      0.374      -0.142       0.057
==============================================================================
Omnibus:                        0.824   Durbin-Watson:                   1.772
Prob(Omnibus):                  0.662   Jarque-Bera (JB):                0.070
Skew:                           0.087   Prob(JB):                        0.966
Kurtosis:                       3.240   Cond. No.                         47.6
==============================================================================

Notes:
[1] Standard Errors assume that the covariance matrix of the errors is correctly specified.

TABLE 3 OUTPUT:
    year       V     V_hat     error
0   1916  0.5168  0.548162  0.031362
1   1920  0.3612  0.456412  0.095212
2   1924  0.4176  0.430554  0.012954
3   1928  0.4118  0.499574  0.087774
4   1932  0.5916  0.456131 -0.135469
5   1936  0.6246  0.567522 -0.057078
6   1940  0.5500  0.523941 -0.026059
7   1944  0.5377  0.481485 -0.056215
8   1948  0.5237  0.470893 -0.052807
9   1952  0.4460  0.450088  0.004088
10  1956  0.4224  0.415641 -0.006759
11  1960  0.5009  0.491147 -0.009753
12  1964  0.6134  0.577597 -0.035803
13  1968  0.4960  0.488877 -0.007123
14  1972  0.3821  0.413439  0.031339
15  1976  0.5105  0.492179 -0.018321
16  1980  0.4470  0.551422  0.104422
17  1984  0.4083  0.417194  0.008894
18  1988  0.4610  0.490341  0.029341

RMSE: 0.05657334703229197

======= Regression 1916–1960 =======
                            OLS Regression Results                            
==============================================================================
Dep. Variable:                      V   R-squared:                       0.609
Model:                            OLS   Adj. R-squared:                  0.140
Method:                 Least Squares   F-statistic:                     1.299
Date:                Sun, 07 Dec 2025   Prob (F-statistic):              0.396
Time:                        23:52:48   Log-Likelihood:                 19.417
No. Observations:                  12   AIC:                            -24.83
Df Residuals:                       5   BIC:                            -21.44
Df Model:                           6                                         
Covariance Type:            nonrobust                                         
==============================================================================
                 coef    std err          t      P>|t|      [0.025      0.975]
------------------------------------------------------------------------------
const          0.4281      0.070      6.116      0.002       0.248       0.608
I             -0.0311      0.084     -0.372      0.725      -0.246       0.184
DPER           0.1010      0.098      1.031      0.350      -0.151       0.353
g3             0.0002      0.007      0.029      0.978      -0.018       0.018
p15_adj        0.0262      0.015      1.711      0.148      -0.013       0.066
n_adj         -0.0018      0.010     -0.177      0.866      -0.029       0.025
DUR            0.0060      0.056      0.107      0.919      -0.138       0.150
==============================================================================
Omnibus:                        0.548   Durbin-Watson:                   0.688
Prob(Omnibus):                  0.760   Jarque-Bera (JB):                0.517
Skew:                          -0.394   Prob(JB):                        0.772
Kurtosis:                       2.357   Cond. No.                         48.3
==============================================================================

Notes:
[1] Standard Errors assume that the covariance matrix of the errors is correctly specified.

TABLE 3 OUTPUT:
    year       V     V_hat     error
0   1916  0.5168  0.614566  0.097766
1   1920  0.3612  0.400685  0.039485
2   1924  0.4176  0.474425  0.056825
3   1928  0.4118  0.446054  0.034254
4   1932  0.5916  0.516700 -0.074900
5   1936  0.6246  0.572811 -0.051789
6   1940  0.5500  0.504271 -0.045729
7   1944  0.5377  0.506077 -0.031623
8   1948  0.5237  0.507618 -0.016082
9   1952  0.4460  0.453973  0.007973
10  1956  0.4224  0.402795 -0.019605
11  1960  0.5009  0.504326  0.003426

RMSE: 0.047976681785289764

======== TABLE 4 OUT OF SAMPLE FORECASTS (1996–2024) ========
    year       V     V_hat     error        g3       p15    n    I  DPER  DUR
20  1996  0.5474  0.499312 -0.048088  3.300495  2.040088  4.0  1.0   1.0  1.0
21  2000  0.5026  0.428268 -0.074332  2.014766  1.644871  7.0  1.0   0.0  2.0
22  2004  0.4876  0.371964 -0.115636  2.183835  2.114729  2.0 -1.0   1.0  1.0
23  2008  0.5368  0.294145 -0.242655 -1.380870  2.718887  3.0 -1.0   0.0  2.0
24  2012  0.5196  0.495688 -0.023912  1.153652  1.417818  2.0  1.0   1.0  1.0
25  2016  0.5110  0.426158 -0.084842  1.402920  1.263159  4.0  1.0   0.0  2.0
26  2020  0.5227  0.364632 -0.158068 -2.986232  1.759989  3.0 -1.0   1.0  1.0
27  2024  0.4925  0.493193  0.000693  1.669690  4.589111  6.0  1.0   1.0  1.0

Export complete. Script finished successfully.
